<?xml version="1.0" encoding="UTF-8"?>
<testng-results skipped="0" failed="1" ignored="0" total="4" passed="3">
  <reporter-output>
    <line>
      <![CDATA[Click on Login LinkBy.cssSelector: input[value='Log In']<br>]]>
    </line>
    <line>
      <![CDATA[Enter email IDtest]]>
    </line>
    <line>
      <![CDATA[Click on Login LinkBy.cssSelector: input[value='Log In']<br>]]>
    </line>
    <line>
      <![CDATA[Enter email IDtest]]>
    </line>
    <line>
      <![CDATA[Click on Login LinkBy.cssSelector: input[value='Log In']<br>]]>
    </line>
    <line>
      <![CDATA[Enter email IDtest123@gmail.com]]>
    </line>
    <line>
      <![CDATA[Click on Login LinkBy.cssSelector: input[value='Log In']<br>]]>
    </line>
    <line>
      <![CDATA[get welcome textBy.cssSelector: .caption]]>
    </line>
  </reporter-output>
  <suite name="Default Suite" duration-ms="47074" started-at="2023-06-23T23:51:27 BST" finished-at="2023-06-23T23:52:14 BST">
    <groups>
    </groups>
    <test name="ParaBank" duration-ms="47074" started-at="2023-06-23T23:51:27 BST" finished-at="2023-06-23T23:52:14 BST">
      <class name="testsuite.homeofficevisacheck.LoginPageTest">
        <test-method status="PASS" signature="setUp()[pri:0, instance:testsuite.homeofficevisacheck.LoginPageTest@7f13d6e]" name="setUp" is-config="true" duration-ms="5369" started-at="2023-06-23T23:51:27 BST" finished-at="2023-06-23T23:51:32 BST">
          <reporter-output>
          </reporter-output>
        </test-method> <!-- setUp -->
        <test-method status="PASS" signature="userShouldLogOutSuccessfully()[pri:0, instance:testsuite.homeofficevisacheck.LoginPageTest@7f13d6e]" name="userShouldLogOutSuccessfully" duration-ms="2867" started-at="2023-06-23T23:51:32 BST" finished-at="2023-06-23T23:51:35 BST">
          <reporter-output>
            <line>
              <![CDATA[Click on Login LinkBy.cssSelector: input[value='Log In']<br>]]>
            </line>
            <line>
              <![CDATA[Enter email IDtest]]>
            </line>
          </reporter-output>
        </test-method> <!-- userShouldLogOutSuccessfully -->
        <test-method status="PASS" signature="tearDown()[pri:0, instance:testsuite.homeofficevisacheck.LoginPageTest@7f13d6e]" name="tearDown" is-config="true" duration-ms="717" started-at="2023-06-23T23:51:35 BST" finished-at="2023-06-23T23:51:36 BST">
          <reporter-output>
          </reporter-output>
        </test-method> <!-- tearDown -->
        <test-method status="PASS" signature="setUp()[pri:0, instance:testsuite.homeofficevisacheck.LoginPageTest@7f13d6e]" name="setUp" is-config="true" duration-ms="4236" started-at="2023-06-23T23:51:36 BST" finished-at="2023-06-23T23:51:40 BST">
          <reporter-output>
          </reporter-output>
        </test-method> <!-- setUp -->
        <test-method status="PASS" signature="userShouldLoginSuccessfullyWithValidCredentials()[pri:0, instance:testsuite.homeofficevisacheck.LoginPageTest@7f13d6e]" name="userShouldLoginSuccessfullyWithValidCredentials" duration-ms="1583" started-at="2023-06-23T23:51:40 BST" finished-at="2023-06-23T23:51:42 BST">
          <reporter-output>
            <line>
              <![CDATA[Click on Login LinkBy.cssSelector: input[value='Log In']<br>]]>
            </line>
            <line>
              <![CDATA[Enter email IDtest]]>
            </line>
          </reporter-output>
        </test-method> <!-- userShouldLoginSuccessfullyWithValidCredentials -->
        <test-method status="PASS" signature="tearDown()[pri:0, instance:testsuite.homeofficevisacheck.LoginPageTest@7f13d6e]" name="tearDown" is-config="true" duration-ms="705" started-at="2023-06-23T23:51:42 BST" finished-at="2023-06-23T23:51:42 BST">
          <reporter-output>
          </reporter-output>
        </test-method> <!-- tearDown -->
        <test-method status="PASS" signature="setUp()[pri:0, instance:testsuite.homeofficevisacheck.LoginPageTest@7f13d6e]" name="setUp" is-config="true" duration-ms="3947" started-at="2023-06-23T23:51:42 BST" finished-at="2023-06-23T23:51:46 BST">
          <reporter-output>
          </reporter-output>
        </test-method> <!-- setUp -->
        <test-method status="FAIL" signature="verifyErrorMessageWithInvalidCredentials()[pri:0, instance:testsuite.homeofficevisacheck.LoginPageTest@7f13d6e]" name="verifyErrorMessageWithInvalidCredentials" duration-ms="21626" started-at="2023-06-23T23:51:46 BST" finished-at="2023-06-23T23:52:08 BST">
          <exception class="org.openqa.selenium.NoSuchElementException">
            <message>
              <![CDATA[no such element: Unable to locate element: {"method":"css selector","selector":".error"}
  (Session info: chrome=114.0.5735.134)
For documentation on this error, please visit: https://selenium.dev/exceptions/#no_such_element
Build info: version: '4.9.0', revision: 'd7057100a6'
System info: os.name: 'Windows 10', os.arch: 'amd64', os.version: '10.0', java.version: '1.8.0_121'
Driver info: org.openqa.selenium.chrome.ChromeDriver
Command: [87ec8d9559b2d7379435f0330155a0cf, findElement {using=css selector, value=.error}]
Capabilities {acceptInsecureCerts: false, browserName: chrome, browserVersion: 114.0.5735.134, chrome: {chromedriverVersion: 114.0.5735.90 (386bc09e8f4f..., userDataDir: C:\Users\DELL\AppData\Local...}, goog:chromeOptions: {debuggerAddress: localhost:63760}, networkConnectionEnabled: false, pageLoadStrategy: normal, platformName: WINDOWS, proxy: Proxy(), se:cdp: ws://localhost:63760/devtoo..., se:cdpVersion: 114.0.5735.134, setWindowRect: true, strictFileInteractability: false, timeouts: {implicit: 0, pageLoad: 300000, script: 30000}, unhandledPromptBehavior: dismiss and notify, webauthn:extension:credBlob: true, webauthn:extension:largeBlob: true, webauthn:extension:minPinLength: true, webauthn:extension:prf: true, webauthn:virtualAuthenticators: true}
Session ID: 87ec8d9559b2d7379435f0330155a0cf]]>
            </message>
            <full-stacktrace>
                <![CDATA[org.openqa.selenium.NoSuchElementException: no such element: Unable to locate element: {"method":"css selector","selector":".error"}
  (Session info: chrome=114.0.5735.134)
For documentation on this error, please visit: https://selenium.dev/exceptions/#no_such_element
Build info: version: '4.9.0', revision: 'd7057100a6'
System info: os.name: 'Windows 10', os.arch: 'amd64', os.version: '10.0', java.version: '1.8.0_121'
Driver info: org.openqa.selenium.chrome.ChromeDriver
Command: [87ec8d9559b2d7379435f0330155a0cf, findElement {using=css selector, value=.error}]
Capabilities {acceptInsecureCerts: false, browserName: chrome, browserVersion: 114.0.5735.134, chrome: {chromedriverVersion: 114.0.5735.90 (386bc09e8f4f..., userDataDir: C:\Users\DELL\AppData\Local...}, goog:chromeOptions: {debuggerAddress: localhost:63760}, networkConnectionEnabled: false, pageLoadStrategy: normal, platformName: WINDOWS, proxy: Proxy(), se:cdp: ws://localhost:63760/devtoo..., se:cdpVersion: 114.0.5735.134, setWindowRect: true, strictFileInteractability: false, timeouts: {implicit: 0, pageLoad: 300000, script: 30000}, unhandledPromptBehavior: dismiss and notify, webauthn:extension:credBlob: true, webauthn:extension:largeBlob: true, webauthn:extension:minPinLength: true, webauthn:extension:prf: true, webauthn:virtualAuthenticators: true}
Session ID: 87ec8d9559b2d7379435f0330155a0cf
at sun.reflect.NativeConstructorAccessorImpl.newInstance0(Native Method)
at sun.reflect.NativeConstructorAccessorImpl.newInstance(NativeConstructorAccessorImpl.java:62)
at sun.reflect.DelegatingConstructorAccessorImpl.newInstance(DelegatingConstructorAccessorImpl.java:45)
at java.lang.reflect.Constructor.newInstance(Constructor.java:423)
at org.openqa.selenium.remote.codec.w3c.W3CHttpResponseCodec.createException(W3CHttpResponseCodec.java:200)
at org.openqa.selenium.remote.codec.w3c.W3CHttpResponseCodec.decode(W3CHttpResponseCodec.java:133)
at org.openqa.selenium.remote.codec.w3c.W3CHttpResponseCodec.decode(W3CHttpResponseCodec.java:53)
at org.openqa.selenium.remote.HttpCommandExecutor.execute(HttpCommandExecutor.java:193)
at org.openqa.selenium.remote.service.DriverCommandExecutor.invokeExecute(DriverCommandExecutor.java:183)
at org.openqa.selenium.remote.service.DriverCommandExecutor.execute(DriverCommandExecutor.java:158)
at org.openqa.selenium.remote.RemoteWebDriver.execute(RemoteWebDriver.java:543)
at org.openqa.selenium.remote.ElementLocation$ElementFinder$2.findElement(ElementLocation.java:162)
at org.openqa.selenium.remote.ElementLocation.findElement(ElementLocation.java:60)
at org.openqa.selenium.remote.RemoteWebDriver.findElement(RemoteWebDriver.java:352)
at org.openqa.selenium.remote.RemoteWebDriver.findElement(RemoteWebDriver.java:344)
at homeofficevisacheck.utility.Utility.getTextFromElement(Utility.java:33)
at homeofficevisacheck.pages.LoginPage.getErrorMessage(LoginPage.java:43)
at testsuite.homeofficevisacheck.LoginPageTest.verifyErrorMessageWithInvalidCredentials(LoginPageTest.java:32)
at sun.reflect.NativeMethodAccessorImpl.invoke0(Native Method)
at sun.reflect.NativeMethodAccessorImpl.invoke(NativeMethodAccessorImpl.java:62)
at sun.reflect.DelegatingMethodAccessorImpl.invoke(DelegatingMethodAccessorImpl.java:43)
at java.lang.reflect.Method.invoke(Method.java:498)
at org.testng.internal.invokers.MethodInvocationHelper.invokeMethod(MethodInvocationHelper.java:135)
at org.testng.internal.invokers.TestInvoker.invokeMethod(TestInvoker.java:673)
at org.testng.internal.invokers.TestInvoker.invokeTestMethod(TestInvoker.java:220)
at org.testng.internal.invokers.MethodRunner.runInSequence(MethodRunner.java:50)
at org.testng.internal.invokers.TestInvoker$MethodInvocationAgent.invoke(TestInvoker.java:945)
at org.testng.internal.invokers.TestInvoker.invokeTestMethods(TestInvoker.java:193)
at org.testng.internal.invokers.TestMethodWorker.invokeTestMethods(TestMethodWorker.java:146)
at org.testng.internal.invokers.TestMethodWorker.run(TestMethodWorker.java:128)
at java.util.ArrayList.forEach(ArrayList.java:1249)
at org.testng.TestRunner.privateRun(TestRunner.java:808)
at org.testng.TestRunner.run(TestRunner.java:603)
at org.testng.SuiteRunner.runTest(SuiteRunner.java:429)
at org.testng.SuiteRunner.runSequentially(SuiteRunner.java:423)
at org.testng.SuiteRunner.privateRun(SuiteRunner.java:383)
at org.testng.SuiteRunner.run(SuiteRunner.java:326)
at org.testng.SuiteRunnerWorker.runSuite(SuiteRunnerWorker.java:52)
at org.testng.SuiteRunnerWorker.run(SuiteRunnerWorker.java:95)
at org.testng.TestNG.runSuitesSequentially(TestNG.java:1249)
at org.testng.TestNG.runSuitesLocally(TestNG.java:1169)
at org.testng.TestNG.runSuites(TestNG.java:1092)
at org.testng.TestNG.run(TestNG.java:1060)
at com.intellij.rt.testng.IDEARemoteTestNG.run(IDEARemoteTestNG.java:66)
at com.intellij.rt.testng.RemoteTestNGStarter.main(RemoteTestNGStarter.java:105)
]]>
            </full-stacktrace>
          </exception> <!-- org.openqa.selenium.NoSuchElementException -->
          <reporter-output>
            <line>
              <![CDATA[Click on Login LinkBy.cssSelector: input[value='Log In']<br>]]>
            </line>
            <line>
              <![CDATA[Enter email IDtest123@gmail.com]]>
            </line>
          </reporter-output>
        </test-method> <!-- verifyErrorMessageWithInvalidCredentials -->
        <test-method status="PASS" signature="tearDown()[pri:0, instance:testsuite.homeofficevisacheck.LoginPageTest@7f13d6e]" name="tearDown" is-config="true" duration-ms="680" started-at="2023-06-23T23:52:08 BST" finished-at="2023-06-23T23:52:08 BST">
          <reporter-output>
          </reporter-output>
        </test-method> <!-- tearDown -->
        <test-method status="PASS" signature="setUp()[pri:0, instance:testsuite.homeofficevisacheck.LoginPageTest@7f13d6e]" name="setUp" is-config="true" duration-ms="4113" started-at="2023-06-23T23:52:08 BST" finished-at="2023-06-23T23:52:13 BST">
          <reporter-output>
          </reporter-output>
        </test-method> <!-- setUp -->
        <test-method status="PASS" signature="verifyUserShouldNavigateToLoginPage()[pri:0, instance:testsuite.homeofficevisacheck.LoginPageTest@7f13d6e]" name="verifyUserShouldNavigateToLoginPage" duration-ms="437" started-at="2023-06-23T23:52:13 BST" finished-at="2023-06-23T23:52:13 BST">
          <reporter-output>
            <line>
              <![CDATA[Click on Login LinkBy.cssSelector: input[value='Log In']<br>]]>
            </line>
            <line>
              <![CDATA[get welcome textBy.cssSelector: .caption]]>
            </line>
          </reporter-output>
        </test-method> <!-- verifyUserShouldNavigateToLoginPage -->
        <test-method status="PASS" signature="tearDown()[pri:0, instance:testsuite.homeofficevisacheck.LoginPageTest@7f13d6e]" name="tearDown" is-config="true" duration-ms="723" started-at="2023-06-23T23:52:13 BST" finished-at="2023-06-23T23:52:14 BST">
          <reporter-output>
          </reporter-output>
        </test-method> <!-- tearDown -->
      </class> <!-- testsuite.homeofficevisacheck.LoginPageTest -->
    </test> <!-- ParaBank -->
  </suite> <!-- Default Suite -->
</testng-results>
