<?xml version="1.0" encoding="UTF-8"?>
<!-- Generated by org.testng.reporters.JUnitXMLReporter -->
<testsuite hostname="DESKTOP-41E6SSA" ignored="0" name="ParaBank" tests="4" failures="0" timestamp="2023-06-30T22:11:33 BST" time="31.243" errors="0">
  <testcase name="userShouldLogOutSuccessfully" time="2.587" classname="com.parabank.testsuite.LoginPageTest"/>
  <testcase name="userShouldLoginSuccessfullyWithValidCredentials" time="2.138" classname="com.parabank.testsuite.LoginPageTest"/>
  <testcase name="verifyErrorMessageWithInvalidCredentials" time="1.15" classname="com.parabank.testsuite.LoginPageTest"/>
  <testcase name="verifyUserShouldNavigateToLoginPage" time="0.533" classname="com.parabank.testsuite.LoginPageTest"/>
</testsuite> <!-- ParaBank -->
