<?xml version="1.0" encoding="UTF-8"?>
<testng-results skipped="0" failed="0" ignored="0" total="4" passed="4">
  <reporter-output>
    <line>
      <![CDATA[Click on Login LinkBy.cssSelector: input[value='Log In']<br>]]>
    </line>
    <line>
      <![CDATA[Enter email IDtest23]]>
    </line>
    <line>
      <![CDATA[Click on Login LinkBy.cssSelector: input[value='Log In']<br>]]>
    </line>
    <line>
      <![CDATA[Enter email IDtest23]]>
    </line>
    <line>
      <![CDATA[Click on Login LinkBy.cssSelector: input[value='Log In']<br>]]>
    </line>
    <line>
      <![CDATA[Enter email IDtest123@gmail.com]]>
    </line>
    <line>
      <![CDATA[Click on Login LinkBy.cssSelector: input[value='Log In']<br>]]>
    </line>
    <line>
      <![CDATA[get welcome textBy.cssSelector: .caption]]>
    </line>
  </reporter-output>
  <suite name="Default Suite" duration-ms="31243" started-at="2023-06-30T22:11:02 BST" finished-at="2023-06-30T22:11:33 BST">
    <groups>
    </groups>
    <test name="ParaBank" duration-ms="31243" started-at="2023-06-30T22:11:02 BST" finished-at="2023-06-30T22:11:33 BST">
      <class name="com.parabank.testsuite.LoginPageTest">
        <test-method status="PASS" signature="setUp()[pri:0, instance:com.parabank.testsuite.LoginPageTest@3fd7a715]" name="setUp" is-config="true" duration-ms="7965" started-at="2023-06-30T22:11:02 BST" finished-at="2023-06-30T22:11:10 BST">
          <reporter-output>
          </reporter-output>
        </test-method> <!-- setUp -->
        <test-method status="PASS" signature="userShouldLogOutSuccessfully()[pri:0, instance:com.parabank.testsuite.LoginPageTest@3fd7a715]" name="userShouldLogOutSuccessfully" duration-ms="2587" started-at="2023-06-30T22:11:10 BST" finished-at="2023-06-30T22:11:12 BST">
          <reporter-output>
            <line>
              <![CDATA[Click on Login LinkBy.cssSelector: input[value='Log In']<br>]]>
            </line>
            <line>
              <![CDATA[Enter email IDtest23]]>
            </line>
          </reporter-output>
        </test-method> <!-- userShouldLogOutSuccessfully -->
        <test-method status="PASS" signature="tearDown()[pri:0, instance:com.parabank.testsuite.LoginPageTest@3fd7a715]" name="tearDown" is-config="true" duration-ms="769" started-at="2023-06-30T22:11:12 BST" finished-at="2023-06-30T22:11:13 BST">
          <reporter-output>
          </reporter-output>
        </test-method> <!-- tearDown -->
        <test-method status="PASS" signature="setUp()[pri:0, instance:com.parabank.testsuite.LoginPageTest@3fd7a715]" name="setUp" is-config="true" duration-ms="4608" started-at="2023-06-30T22:11:13 BST" finished-at="2023-06-30T22:11:18 BST">
          <reporter-output>
          </reporter-output>
        </test-method> <!-- setUp -->
        <test-method status="PASS" signature="userShouldLoginSuccessfullyWithValidCredentials()[pri:0, instance:com.parabank.testsuite.LoginPageTest@3fd7a715]" name="userShouldLoginSuccessfullyWithValidCredentials" duration-ms="2138" started-at="2023-06-30T22:11:18 BST" finished-at="2023-06-30T22:11:20 BST">
          <reporter-output>
            <line>
              <![CDATA[Click on Login LinkBy.cssSelector: input[value='Log In']<br>]]>
            </line>
            <line>
              <![CDATA[Enter email IDtest23]]>
            </line>
          </reporter-output>
        </test-method> <!-- userShouldLoginSuccessfullyWithValidCredentials -->
        <test-method status="PASS" signature="tearDown()[pri:0, instance:com.parabank.testsuite.LoginPageTest@3fd7a715]" name="tearDown" is-config="true" duration-ms="743" started-at="2023-06-30T22:11:20 BST" finished-at="2023-06-30T22:11:20 BST">
          <reporter-output>
          </reporter-output>
        </test-method> <!-- tearDown -->
        <test-method status="PASS" signature="setUp()[pri:0, instance:com.parabank.testsuite.LoginPageTest@3fd7a715]" name="setUp" is-config="true" duration-ms="4594" started-at="2023-06-30T22:11:20 BST" finished-at="2023-06-30T22:11:25 BST">
          <reporter-output>
          </reporter-output>
        </test-method> <!-- setUp -->
        <test-method status="PASS" signature="verifyErrorMessageWithInvalidCredentials()[pri:0, instance:com.parabank.testsuite.LoginPageTest@3fd7a715]" name="verifyErrorMessageWithInvalidCredentials" duration-ms="1150" started-at="2023-06-30T22:11:25 BST" finished-at="2023-06-30T22:11:26 BST">
          <reporter-output>
            <line>
              <![CDATA[Click on Login LinkBy.cssSelector: input[value='Log In']<br>]]>
            </line>
            <line>
              <![CDATA[Enter email IDtest123@gmail.com]]>
            </line>
          </reporter-output>
        </test-method> <!-- verifyErrorMessageWithInvalidCredentials -->
        <test-method status="PASS" signature="tearDown()[pri:0, instance:com.parabank.testsuite.LoginPageTest@3fd7a715]" name="tearDown" is-config="true" duration-ms="750" started-at="2023-06-30T22:11:26 BST" finished-at="2023-06-30T22:11:27 BST">
          <reporter-output>
          </reporter-output>
        </test-method> <!-- tearDown -->
        <test-method status="PASS" signature="setUp()[pri:0, instance:com.parabank.testsuite.LoginPageTest@3fd7a715]" name="setUp" is-config="true" duration-ms="4557" started-at="2023-06-30T22:11:27 BST" finished-at="2023-06-30T22:11:31 BST">
          <reporter-output>
          </reporter-output>
        </test-method> <!-- setUp -->
        <test-method status="PASS" signature="verifyUserShouldNavigateToLoginPage()[pri:0, instance:com.parabank.testsuite.LoginPageTest@3fd7a715]" name="verifyUserShouldNavigateToLoginPage" duration-ms="533" started-at="2023-06-30T22:11:31 BST" finished-at="2023-06-30T22:11:32 BST">
          <reporter-output>
            <line>
              <![CDATA[Click on Login LinkBy.cssSelector: input[value='Log In']<br>]]>
            </line>
            <line>
              <![CDATA[get welcome textBy.cssSelector: .caption]]>
            </line>
          </reporter-output>
        </test-method> <!-- verifyUserShouldNavigateToLoginPage -->
        <test-method status="PASS" signature="tearDown()[pri:0, instance:com.parabank.testsuite.LoginPageTest@3fd7a715]" name="tearDown" is-config="true" duration-ms="730" started-at="2023-06-30T22:11:32 BST" finished-at="2023-06-30T22:11:33 BST">
          <reporter-output>
          </reporter-output>
        </test-method> <!-- tearDown -->
      </class> <!-- com.parabank.testsuite.LoginPageTest -->
    </test> <!-- ParaBank -->
  </suite> <!-- Default Suite -->
</testng-results>
